[0.014s] Invoking command in '/home/hualde/misCosas/ros2_ws/src/LearnRoboticsWROS/build/serial': CMAKE_PREFIX_PATH=${CMAKE_PREFIX_PATH}:/home/hualde/misCosas/ros2_ws/install/robotiq_demo:/opt/ros/humble /usr/bin/cmake --build /home/hualde/misCosas/ros2_ws/src/LearnRoboticsWROS/build/serial -- -j16 -l16
[0.053s] [100%] Built target serial
[0.067s] Invoked command in '/home/hualde/misCosas/ros2_ws/src/LearnRoboticsWROS/build/serial' returned '0': CMAKE_PREFIX_PATH=${CMAKE_PREFIX_PATH}:/home/hualde/misCosas/ros2_ws/install/robotiq_demo:/opt/ros/humble /usr/bin/cmake --build /home/hualde/misCosas/ros2_ws/src/LearnRoboticsWROS/build/serial -- -j16 -l16
[0.068s] Invoking command in '/home/hualde/misCosas/ros2_ws/src/LearnRoboticsWROS/build/serial': CMAKE_PREFIX_PATH=${CMAKE_PREFIX_PATH}:/home/hualde/misCosas/ros2_ws/install/robotiq_demo:/opt/ros/humble /usr/bin/cmake --install /home/hualde/misCosas/ros2_ws/src/LearnRoboticsWROS/build/serial
[0.070s] -- Install configuration: ""
[0.071s] -- Up-to-date: /home/hualde/misCosas/ros2_ws/src/LearnRoboticsWROS/install/serial/share/serial/environment/library_path.sh
[0.071s] -- Up-to-date: /home/hualde/misCosas/ros2_ws/src/LearnRoboticsWROS/install/serial/share/serial/environment/library_path.dsv
[0.071s] -- Up-to-date: /home/hualde/misCosas/ros2_ws/src/LearnRoboticsWROS/install/serial/lib/libserial.a
[0.071s] -- Up-to-date: /home/hualde/misCosas/ros2_ws/src/LearnRoboticsWROS/install/serial/include/serial/serial.h
[0.071s] -- Up-to-date: /home/hualde/misCosas/ros2_ws/src/LearnRoboticsWROS/install/serial/include/serial/v8stdint.h
[0.071s] -- Up-to-date: /home/hualde/misCosas/ros2_ws/src/LearnRoboticsWROS/install/serial/share/ament_index/resource_index/package_run_dependencies/serial
[0.072s] -- Up-to-date: /home/hualde/misCosas/ros2_ws/src/LearnRoboticsWROS/install/serial/share/ament_index/resource_index/parent_prefix_path/serial
[0.072s] -- Up-to-date: /home/hualde/misCosas/ros2_ws/src/LearnRoboticsWROS/install/serial/share/serial/environment/ament_prefix_path.sh
[0.072s] -- Up-to-date: /home/hualde/misCosas/ros2_ws/src/LearnRoboticsWROS/install/serial/share/serial/environment/ament_prefix_path.dsv
[0.072s] -- Up-to-date: /home/hualde/misCosas/ros2_ws/src/LearnRoboticsWROS/install/serial/share/serial/environment/path.sh
[0.072s] -- Up-to-date: /home/hualde/misCosas/ros2_ws/src/LearnRoboticsWROS/install/serial/share/serial/environment/path.dsv
[0.072s] -- Up-to-date: /home/hualde/misCosas/ros2_ws/src/LearnRoboticsWROS/install/serial/share/serial/local_setup.bash
[0.072s] -- Up-to-date: /home/hualde/misCosas/ros2_ws/src/LearnRoboticsWROS/install/serial/share/serial/local_setup.sh
[0.072s] -- Up-to-date: /home/hualde/misCosas/ros2_ws/src/LearnRoboticsWROS/install/serial/share/serial/local_setup.zsh
[0.073s] -- Up-to-date: /home/hualde/misCosas/ros2_ws/src/LearnRoboticsWROS/install/serial/share/serial/local_setup.dsv
[0.073s] -- Up-to-date: /home/hualde/misCosas/ros2_ws/src/LearnRoboticsWROS/install/serial/share/serial/package.dsv
[0.073s] -- Up-to-date: /home/hualde/misCosas/ros2_ws/src/LearnRoboticsWROS/install/serial/share/ament_index/resource_index/packages/serial
[0.073s] -- Up-to-date: /home/hualde/misCosas/ros2_ws/src/LearnRoboticsWROS/install/serial/share/serial/cmake/ament_cmake_export_include_directories-extras.cmake
[0.073s] -- Up-to-date: /home/hualde/misCosas/ros2_ws/src/LearnRoboticsWROS/install/serial/share/serial/cmake/ament_cmake_export_libraries-extras.cmake
[0.073s] -- Up-to-date: /home/hualde/misCosas/ros2_ws/src/LearnRoboticsWROS/install/serial/share/serial/cmake/serialConfig.cmake
[0.073s] -- Up-to-date: /home/hualde/misCosas/ros2_ws/src/LearnRoboticsWROS/install/serial/share/serial/cmake/serialConfig-version.cmake
[0.073s] -- Up-to-date: /home/hualde/misCosas/ros2_ws/src/LearnRoboticsWROS/install/serial/share/serial/package.xml
[0.073s] Invoked command in '/home/hualde/misCosas/ros2_ws/src/LearnRoboticsWROS/build/serial' returned '0': CMAKE_PREFIX_PATH=${CMAKE_PREFIX_PATH}:/home/hualde/misCosas/ros2_ws/install/robotiq_demo:/opt/ros/humble /usr/bin/cmake --install /home/hualde/misCosas/ros2_ws/src/LearnRoboticsWROS/build/serial
