[0.011s] Invoking command in '/home/hualde/misCosas/ros2_ws/src/LearnRoboticsWROS/build/robotiq_driver': CMAKE_PREFIX_PATH=${CMAKE_PREFIX_PATH}:/home/hualde/misCosas/ros2_ws/install/robotiq_demo:/opt/ros/humble /usr/bin/cmake /home/hualde/misCosas/ros2_ws/src/LearnRoboticsWROS/ros2_robotiq_gripper/robotiq_driver -DCMAKE_INSTALL_PREFIX=/home/hualde/misCosas/ros2_ws/src/LearnRoboticsWROS/install/robotiq_driver
[0.046s] -- The CXX compiler identification is GNU 11.4.0
[0.052s] -- Detecting CXX compiler ABI info
[0.094s] -- Detecting CXX compiler ABI info - done
[0.098s] -- Check for working CXX compiler: /usr/bin/c++ - skipped
[0.098s] -- Detecting CXX compile features
[0.099s] -- Detecting CXX compile features - done
[0.102s] -- Found ament_cmake: 1.3.12 (/opt/ros/humble/share/ament_cmake/cmake)
[0.291s] -- Found Python3: /usr/bin/python3 (found version "3.10.12") found components: Interpreter 
[0.359s] -- Found hardware_interface: 2.52.2 (/opt/ros/humble/share/hardware_interface/cmake)
[0.396s] -- Found rosidl_generator_c: 3.1.7 (/opt/ros/humble/share/rosidl_generator_c/cmake)
[0.401s] -- Found rosidl_adapter: 3.1.7 (/opt/ros/humble/share/rosidl_adapter/cmake)
[0.408s] -- Found rosidl_generator_cpp: 3.1.7 (/opt/ros/humble/share/rosidl_generator_cpp/cmake)
[0.417s] -- Using all available rosidl_typesupport_c: rosidl_typesupport_fastrtps_c;rosidl_typesupport_introspection_c
[0.430s] -- Using all available rosidl_typesupport_cpp: rosidl_typesupport_fastrtps_cpp;rosidl_typesupport_introspection_cpp
[0.581s] -- Found rmw_implementation_cmake: 6.1.2 (/opt/ros/humble/share/rmw_implementation_cmake/cmake)
[0.583s] -- Found rmw_fastrtps_cpp: 6.2.9 (/opt/ros/humble/share/rmw_fastrtps_cpp/cmake)
[0.600s] -- Found TinyXML2 via Config file: TinyXML2_DIR-NOTFOUND
[0.630s] -- Found OpenSSL: /usr/lib/x86_64-linux-gnu/libcrypto.so (found version "3.0.2")  
[0.631s] -- Found TinyXML2 via Config file: TinyXML2_DIR-NOTFOUND
[0.642s] -- Found FastRTPS: /opt/ros/humble/include  
[0.643s] -- Found TinyXML2 via Config file: TinyXML2_DIR-NOTFOUND
[0.648s] -- Found TinyXML2 via Config file: TinyXML2_DIR-NOTFOUND
[0.654s] -- Using RMW implementation 'rmw_fastrtps_cpp' as default
[0.662s] -- Performing Test CMAKE_HAVE_LIBC_PTHREAD
[0.714s] -- Performing Test CMAKE_HAVE_LIBC_PTHREAD - Success
[0.715s] -- Found Threads: TRUE  
[0.744s] -- Found serial: 1.2.1 (/home/hualde/misCosas/ros2_ws/install/serial/share/serial/cmake)
[0.751s] -- Found ament_cmake_gtest: 1.3.12 (/opt/ros/humble/share/ament_cmake_gtest/cmake)
[0.754s] -- Found ament_cmake_gmock: 1.3.12 (/opt/ros/humble/share/ament_cmake_gmock/cmake)
[0.756s] -- Found ament_lint_auto: 0.12.14 (/opt/ros/humble/share/ament_lint_auto/cmake)
[0.825s] -- Found gmock sources under '/opt/ros/humble/src/gmock_vendor': C++ tests using 'Google Mock' will be built
[0.851s] -- The C compiler identification is GNU 11.4.0
[0.855s] -- Detecting C compiler ABI info
[0.888s] -- Detecting C compiler ABI info - done
[0.892s] -- Check for working C compiler: /usr/bin/cc - skipped
[0.892s] -- Detecting C compile features
[0.892s] -- Detecting C compile features - done
[0.896s] -- Found gtest sources under '/opt/ros/humble/src/gtest_vendor': C++ tests using 'Google Test' will be built
[0.936s] -- Configuring done
[0.968s] [31mCMake Error at CMakeLists.txt:64 (target_link_libraries):
[0.968s]   Target "robotiq_driver" links to:
[0.968s] 
[0.968s]     serial::serial
[0.968s] 
[0.968s]   but the target was not found.  Possible reasons include:
[0.968s] 
[0.968s]     * There is a typo in the target name.
[0.968s]     * A find_package call is missing for an IMPORTED target.
[0.968s]     * An ALIAS target is missing.
[0.968s] 
[0.968s] 
[0.968s] [0m
[0.968s] -- Generating done
[0.971s] [0mCMake Generate step failed.  Build files cannot be regenerated correctly.[0m
[0.981s] Invoked command in '/home/hualde/misCosas/ros2_ws/src/LearnRoboticsWROS/build/robotiq_driver' returned '1': CMAKE_PREFIX_PATH=${CMAKE_PREFIX_PATH}:/home/hualde/misCosas/ros2_ws/install/robotiq_demo:/opt/ros/humble /usr/bin/cmake /home/hualde/misCosas/ros2_ws/src/LearnRoboticsWROS/ros2_robotiq_gripper/robotiq_driver -DCMAKE_INSTALL_PREFIX=/home/hualde/misCosas/ros2_ws/src/LearnRoboticsWROS/install/robotiq_driver
