[0.008s] Invoking command in '/home/hualde/misCosas/ros2_ws/src/LearnRoboticsWROS/build/ur_simulation_gazebo': AMENT_PREFIX_PATH=/home/hualde/misCosas/ros2_ws/src/LearnRoboticsWROS/install/ur_description:${AMENT_PREFIX_PATH} CMAKE_PREFIX_PATH=/home/hualde/misCosas/ros2_ws/src/LearnRoboticsWROS/install/ur_description:/home/hualde/misCosas/ros2_ws/install/ur_simulation_gazebo:/home/hualde/misCosas/ros2_ws/install/ur_robotiq_bringup:/home/hualde/misCosas/ros2_ws/install/ur_robotiq_description:/home/hualde/misCosas/ros2_ws/install/ur_custom_simulation:/home/hualde/misCosas/ros2_ws/install/manipulator_moveit_config:/home/hualde/misCosas/ros2_ws/install/manipulator:/home/hualde/misCosas/ros2_ws/install/ur_description:/home/hualde/misCosas/ros2_ws/install/serial:/home/hualde/misCosas/ros2_ws/install/my_robot_bringup:/home/hualde/misCosas/ros2_ws/install/my_robot_description:/home/hualde/misCosas/ros2_ws/install/robotiq_demo:/opt/ros/humble /usr/bin/cmake --build /home/hualde/misCosas/ros2_ws/src/LearnRoboticsWROS/build/ur_simulation_gazebo -- -j16 -l16
[0.021s] Invoked command in '/home/hualde/misCosas/ros2_ws/src/LearnRoboticsWROS/build/ur_simulation_gazebo' returned '0': AMENT_PREFIX_PATH=/home/hualde/misCosas/ros2_ws/src/LearnRoboticsWROS/install/ur_description:${AMENT_PREFIX_PATH} CMAKE_PREFIX_PATH=/home/hualde/misCosas/ros2_ws/src/LearnRoboticsWROS/install/ur_description:/home/hualde/misCosas/ros2_ws/install/ur_simulation_gazebo:/home/hualde/misCosas/ros2_ws/install/ur_robotiq_bringup:/home/hualde/misCosas/ros2_ws/install/ur_robotiq_description:/home/hualde/misCosas/ros2_ws/install/ur_custom_simulation:/home/hualde/misCosas/ros2_ws/install/manipulator_moveit_config:/home/hualde/misCosas/ros2_ws/install/manipulator:/home/hualde/misCosas/ros2_ws/install/ur_description:/home/hualde/misCosas/ros2_ws/install/serial:/home/hualde/misCosas/ros2_ws/install/my_robot_bringup:/home/hualde/misCosas/ros2_ws/install/my_robot_description:/home/hualde/misCosas/ros2_ws/install/robotiq_demo:/opt/ros/humble /usr/bin/cmake --build /home/hualde/misCosas/ros2_ws/src/LearnRoboticsWROS/build/ur_simulation_gazebo -- -j16 -l16
[0.021s] Invoking command in '/home/hualde/misCosas/ros2_ws/src/LearnRoboticsWROS/build/ur_simulation_gazebo': AMENT_PREFIX_PATH=/home/hualde/misCosas/ros2_ws/src/LearnRoboticsWROS/install/ur_description:${AMENT_PREFIX_PATH} CMAKE_PREFIX_PATH=/home/hualde/misCosas/ros2_ws/src/LearnRoboticsWROS/install/ur_description:/home/hualde/misCosas/ros2_ws/install/ur_simulation_gazebo:/home/hualde/misCosas/ros2_ws/install/ur_robotiq_bringup:/home/hualde/misCosas/ros2_ws/install/ur_robotiq_description:/home/hualde/misCosas/ros2_ws/install/ur_custom_simulation:/home/hualde/misCosas/ros2_ws/install/manipulator_moveit_config:/home/hualde/misCosas/ros2_ws/install/manipulator:/home/hualde/misCosas/ros2_ws/install/ur_description:/home/hualde/misCosas/ros2_ws/install/serial:/home/hualde/misCosas/ros2_ws/install/my_robot_bringup:/home/hualde/misCosas/ros2_ws/install/my_robot_description:/home/hualde/misCosas/ros2_ws/install/robotiq_demo:/opt/ros/humble /usr/bin/cmake --install /home/hualde/misCosas/ros2_ws/src/LearnRoboticsWROS/build/ur_simulation_gazebo
[0.025s] -- Install configuration: ""
[0.025s] -- Up-to-date: /home/hualde/misCosas/ros2_ws/src/LearnRoboticsWROS/install/ur_simulation_gazebo/share/ur_simulation_gazebo/config
[0.025s] -- Up-to-date: /home/hualde/misCosas/ros2_ws/src/LearnRoboticsWROS/install/ur_simulation_gazebo/share/ur_simulation_gazebo/config/ur_controllers.yaml
[0.025s] -- Up-to-date: /home/hualde/misCosas/ros2_ws/src/LearnRoboticsWROS/install/ur_simulation_gazebo/share/ur_simulation_gazebo/launch
[0.025s] -- Up-to-date: /home/hualde/misCosas/ros2_ws/src/LearnRoboticsWROS/install/ur_simulation_gazebo/share/ur_simulation_gazebo/launch/ur_sim_control.launch.py
[0.025s] -- Up-to-date: /home/hualde/misCosas/ros2_ws/src/LearnRoboticsWROS/install/ur_simulation_gazebo/share/ur_simulation_gazebo/launch/ur_sim_moveit.launch.py
[0.025s] -- Up-to-date: /home/hualde/misCosas/ros2_ws/src/LearnRoboticsWROS/install/ur_simulation_gazebo/share/ament_index/resource_index/package_run_dependencies/ur_simulation_gazebo
[0.025s] -- Up-to-date: /home/hualde/misCosas/ros2_ws/src/LearnRoboticsWROS/install/ur_simulation_gazebo/share/ament_index/resource_index/parent_prefix_path/ur_simulation_gazebo
[0.025s] -- Up-to-date: /home/hualde/misCosas/ros2_ws/src/LearnRoboticsWROS/install/ur_simulation_gazebo/share/ur_simulation_gazebo/environment/ament_prefix_path.sh
[0.025s] -- Up-to-date: /home/hualde/misCosas/ros2_ws/src/LearnRoboticsWROS/install/ur_simulation_gazebo/share/ur_simulation_gazebo/environment/ament_prefix_path.dsv
[0.025s] -- Up-to-date: /home/hualde/misCosas/ros2_ws/src/LearnRoboticsWROS/install/ur_simulation_gazebo/share/ur_simulation_gazebo/environment/path.sh
[0.026s] -- Up-to-date: /home/hualde/misCosas/ros2_ws/src/LearnRoboticsWROS/install/ur_simulation_gazebo/share/ur_simulation_gazebo/environment/path.dsv
[0.026s] -- Up-to-date: /home/hualde/misCosas/ros2_ws/src/LearnRoboticsWROS/install/ur_simulation_gazebo/share/ur_simulation_gazebo/local_setup.bash
[0.026s] -- Up-to-date: /home/hualde/misCosas/ros2_ws/src/LearnRoboticsWROS/install/ur_simulation_gazebo/share/ur_simulation_gazebo/local_setup.sh
[0.026s] -- Up-to-date: /home/hualde/misCosas/ros2_ws/src/LearnRoboticsWROS/install/ur_simulation_gazebo/share/ur_simulation_gazebo/local_setup.zsh
[0.026s] -- Up-to-date: /home/hualde/misCosas/ros2_ws/src/LearnRoboticsWROS/install/ur_simulation_gazebo/share/ur_simulation_gazebo/local_setup.dsv
[0.026s] -- Installing: /home/hualde/misCosas/ros2_ws/src/LearnRoboticsWROS/install/ur_simulation_gazebo/share/ur_simulation_gazebo/package.dsv
[0.026s] -- Up-to-date: /home/hualde/misCosas/ros2_ws/src/LearnRoboticsWROS/install/ur_simulation_gazebo/share/ament_index/resource_index/packages/ur_simulation_gazebo
[0.026s] -- Up-to-date: /home/hualde/misCosas/ros2_ws/src/LearnRoboticsWROS/install/ur_simulation_gazebo/share/ur_simulation_gazebo/cmake/ur_simulation_gazeboConfig.cmake
[0.026s] -- Up-to-date: /home/hualde/misCosas/ros2_ws/src/LearnRoboticsWROS/install/ur_simulation_gazebo/share/ur_simulation_gazebo/cmake/ur_simulation_gazeboConfig-version.cmake
[0.026s] -- Up-to-date: /home/hualde/misCosas/ros2_ws/src/LearnRoboticsWROS/install/ur_simulation_gazebo/share/ur_simulation_gazebo/package.xml
[0.033s] Invoked command in '/home/hualde/misCosas/ros2_ws/src/LearnRoboticsWROS/build/ur_simulation_gazebo' returned '0': AMENT_PREFIX_PATH=/home/hualde/misCosas/ros2_ws/src/LearnRoboticsWROS/install/ur_description:${AMENT_PREFIX_PATH} CMAKE_PREFIX_PATH=/home/hualde/misCosas/ros2_ws/src/LearnRoboticsWROS/install/ur_description:/home/hualde/misCosas/ros2_ws/install/ur_simulation_gazebo:/home/hualde/misCosas/ros2_ws/install/ur_robotiq_bringup:/home/hualde/misCosas/ros2_ws/install/ur_robotiq_description:/home/hualde/misCosas/ros2_ws/install/ur_custom_simulation:/home/hualde/misCosas/ros2_ws/install/manipulator_moveit_config:/home/hualde/misCosas/ros2_ws/install/manipulator:/home/hualde/misCosas/ros2_ws/install/ur_description:/home/hualde/misCosas/ros2_ws/install/serial:/home/hualde/misCosas/ros2_ws/install/my_robot_bringup:/home/hualde/misCosas/ros2_ws/install/my_robot_description:/home/hualde/misCosas/ros2_ws/install/robotiq_demo:/opt/ros/humble /usr/bin/cmake --install /home/hualde/misCosas/ros2_ws/src/LearnRoboticsWROS/build/ur_simulation_gazebo
