[0.006s] Invoking command in '/home/hualde/misCosas/ros2_ws/src/LearnRoboticsWROS/build/ur_custom_simulation': AMENT_PREFIX_PATH=/home/hualde/misCosas/ros2_ws/src/LearnRoboticsWROS/install/ur_description:${AMENT_PREFIX_PATH} CMAKE_PREFIX_PATH=/home/hualde/misCosas/ros2_ws/src/LearnRoboticsWROS/install/ur_description:/home/hualde/misCosas/ros2_ws/install/ur_simulation_gazebo:/home/hualde/misCosas/ros2_ws/install/ur_robotiq_bringup:/home/hualde/misCosas/ros2_ws/install/ur_robotiq_description:/home/hualde/misCosas/ros2_ws/install/ur_custom_simulation:/home/hualde/misCosas/ros2_ws/install/manipulator_moveit_config:/home/hualde/misCosas/ros2_ws/install/manipulator:/home/hualde/misCosas/ros2_ws/install/ur_description:/home/hualde/misCosas/ros2_ws/install/serial:/home/hualde/misCosas/ros2_ws/install/my_robot_bringup:/home/hualde/misCosas/ros2_ws/install/my_robot_description:/home/hualde/misCosas/ros2_ws/install/robotiq_demo:/opt/ros/humble /usr/bin/cmake --build /home/hualde/misCosas/ros2_ws/src/LearnRoboticsWROS/build/ur_custom_simulation -- -j16 -l16
[0.016s] Invoked command in '/home/hualde/misCosas/ros2_ws/src/LearnRoboticsWROS/build/ur_custom_simulation' returned '0': AMENT_PREFIX_PATH=/home/hualde/misCosas/ros2_ws/src/LearnRoboticsWROS/install/ur_description:${AMENT_PREFIX_PATH} CMAKE_PREFIX_PATH=/home/hualde/misCosas/ros2_ws/src/LearnRoboticsWROS/install/ur_description:/home/hualde/misCosas/ros2_ws/install/ur_simulation_gazebo:/home/hualde/misCosas/ros2_ws/install/ur_robotiq_bringup:/home/hualde/misCosas/ros2_ws/install/ur_robotiq_description:/home/hualde/misCosas/ros2_ws/install/ur_custom_simulation:/home/hualde/misCosas/ros2_ws/install/manipulator_moveit_config:/home/hualde/misCosas/ros2_ws/install/manipulator:/home/hualde/misCosas/ros2_ws/install/ur_description:/home/hualde/misCosas/ros2_ws/install/serial:/home/hualde/misCosas/ros2_ws/install/my_robot_bringup:/home/hualde/misCosas/ros2_ws/install/my_robot_description:/home/hualde/misCosas/ros2_ws/install/robotiq_demo:/opt/ros/humble /usr/bin/cmake --build /home/hualde/misCosas/ros2_ws/src/LearnRoboticsWROS/build/ur_custom_simulation -- -j16 -l16
[0.017s] Invoking command in '/home/hualde/misCosas/ros2_ws/src/LearnRoboticsWROS/build/ur_custom_simulation': AMENT_PREFIX_PATH=/home/hualde/misCosas/ros2_ws/src/LearnRoboticsWROS/install/ur_description:${AMENT_PREFIX_PATH} CMAKE_PREFIX_PATH=/home/hualde/misCosas/ros2_ws/src/LearnRoboticsWROS/install/ur_description:/home/hualde/misCosas/ros2_ws/install/ur_simulation_gazebo:/home/hualde/misCosas/ros2_ws/install/ur_robotiq_bringup:/home/hualde/misCosas/ros2_ws/install/ur_robotiq_description:/home/hualde/misCosas/ros2_ws/install/ur_custom_simulation:/home/hualde/misCosas/ros2_ws/install/manipulator_moveit_config:/home/hualde/misCosas/ros2_ws/install/manipulator:/home/hualde/misCosas/ros2_ws/install/ur_description:/home/hualde/misCosas/ros2_ws/install/serial:/home/hualde/misCosas/ros2_ws/install/my_robot_bringup:/home/hualde/misCosas/ros2_ws/install/my_robot_description:/home/hualde/misCosas/ros2_ws/install/robotiq_demo:/opt/ros/humble /usr/bin/cmake --install /home/hualde/misCosas/ros2_ws/src/LearnRoboticsWROS/build/ur_custom_simulation
[0.019s] -- Install configuration: ""
[0.019s] -- Installing: /home/hualde/misCosas/ros2_ws/src/LearnRoboticsWROS/install/ur_custom_simulation/share/ur_custom_simulation//launch
[0.019s] -- Installing: /home/hualde/misCosas/ros2_ws/src/LearnRoboticsWROS/install/ur_custom_simulation/share/ur_custom_simulation//launch/spawn_ur_robot.launch.py
[0.019s] -- Installing: /home/hualde/misCosas/ros2_ws/src/LearnRoboticsWROS/install/ur_custom_simulation/share/ur_custom_simulation//config
[0.019s] -- Installing: /home/hualde/misCosas/ros2_ws/src/LearnRoboticsWROS/install/ur_custom_simulation/share/ur_custom_simulation//config/ur_controllers.yaml
[0.019s] -- Installing: /home/hualde/misCosas/ros2_ws/src/LearnRoboticsWROS/install/ur_custom_simulation/share/ur_custom_simulation//config/initial_positions.yaml
[0.020s] -- Installing: /home/hualde/misCosas/ros2_ws/src/LearnRoboticsWROS/install/ur_custom_simulation/share/ur_custom_simulation//urdf
[0.020s] -- Installing: /home/hualde/misCosas/ros2_ws/src/LearnRoboticsWROS/install/ur_custom_simulation/share/ur_custom_simulation//urdf/.gitkeep
[0.020s] -- Installing: /home/hualde/misCosas/ros2_ws/src/LearnRoboticsWROS/install/ur_custom_simulation/share/ur_custom_simulation//urdf/ur_with_accessories.urdf.xacro
[0.020s] -- Installing: /home/hualde/misCosas/ros2_ws/src/LearnRoboticsWROS/install/ur_custom_simulation/share/ur_custom_simulation//meshes
[0.020s] -- Installing: /home/hualde/misCosas/ros2_ws/src/LearnRoboticsWROS/install/ur_custom_simulation/share/ur_custom_simulation//meshes/.gitkeep
[0.020s] -- Installing: /home/hualde/misCosas/ros2_ws/src/LearnRoboticsWROS/install/ur_custom_simulation/share/ament_index/resource_index/package_run_dependencies/ur_custom_simulation
[0.020s] -- Installing: /home/hualde/misCosas/ros2_ws/src/LearnRoboticsWROS/install/ur_custom_simulation/share/ament_index/resource_index/parent_prefix_path/ur_custom_simulation
[0.020s] -- Installing: /home/hualde/misCosas/ros2_ws/src/LearnRoboticsWROS/install/ur_custom_simulation/share/ur_custom_simulation/environment/ament_prefix_path.sh
[0.020s] -- Installing: /home/hualde/misCosas/ros2_ws/src/LearnRoboticsWROS/install/ur_custom_simulation/share/ur_custom_simulation/environment/ament_prefix_path.dsv
[0.020s] -- Installing: /home/hualde/misCosas/ros2_ws/src/LearnRoboticsWROS/install/ur_custom_simulation/share/ur_custom_simulation/environment/path.sh
[0.020s] -- Installing: /home/hualde/misCosas/ros2_ws/src/LearnRoboticsWROS/install/ur_custom_simulation/share/ur_custom_simulation/environment/path.dsv
[0.021s] -- Installing: /home/hualde/misCosas/ros2_ws/src/LearnRoboticsWROS/install/ur_custom_simulation/share/ur_custom_simulation/local_setup.bash
[0.021s] -- Installing: /home/hualde/misCosas/ros2_ws/src/LearnRoboticsWROS/install/ur_custom_simulation/share/ur_custom_simulation/local_setup.sh
[0.021s] -- Installing: /home/hualde/misCosas/ros2_ws/src/LearnRoboticsWROS/install/ur_custom_simulation/share/ur_custom_simulation/local_setup.zsh
[0.021s] -- Installing: /home/hualde/misCosas/ros2_ws/src/LearnRoboticsWROS/install/ur_custom_simulation/share/ur_custom_simulation/local_setup.dsv
[0.021s] -- Installing: /home/hualde/misCosas/ros2_ws/src/LearnRoboticsWROS/install/ur_custom_simulation/share/ur_custom_simulation/package.dsv
[0.021s] -- Installing: /home/hualde/misCosas/ros2_ws/src/LearnRoboticsWROS/install/ur_custom_simulation/share/ament_index/resource_index/packages/ur_custom_simulation
[0.021s] -- Installing: /home/hualde/misCosas/ros2_ws/src/LearnRoboticsWROS/install/ur_custom_simulation/share/ur_custom_simulation/cmake/ur_custom_simulationConfig.cmake
[0.021s] -- Installing: /home/hualde/misCosas/ros2_ws/src/LearnRoboticsWROS/install/ur_custom_simulation/share/ur_custom_simulation/cmake/ur_custom_simulationConfig-version.cmake
[0.021s] -- Installing: /home/hualde/misCosas/ros2_ws/src/LearnRoboticsWROS/install/ur_custom_simulation/share/ur_custom_simulation/package.xml
[0.023s] Invoked command in '/home/hualde/misCosas/ros2_ws/src/LearnRoboticsWROS/build/ur_custom_simulation' returned '0': AMENT_PREFIX_PATH=/home/hualde/misCosas/ros2_ws/src/LearnRoboticsWROS/install/ur_description:${AMENT_PREFIX_PATH} CMAKE_PREFIX_PATH=/home/hualde/misCosas/ros2_ws/src/LearnRoboticsWROS/install/ur_description:/home/hualde/misCosas/ros2_ws/install/ur_simulation_gazebo:/home/hualde/misCosas/ros2_ws/install/ur_robotiq_bringup:/home/hualde/misCosas/ros2_ws/install/ur_robotiq_description:/home/hualde/misCosas/ros2_ws/install/ur_custom_simulation:/home/hualde/misCosas/ros2_ws/install/manipulator_moveit_config:/home/hualde/misCosas/ros2_ws/install/manipulator:/home/hualde/misCosas/ros2_ws/install/ur_description:/home/hualde/misCosas/ros2_ws/install/serial:/home/hualde/misCosas/ros2_ws/install/my_robot_bringup:/home/hualde/misCosas/ros2_ws/install/my_robot_description:/home/hualde/misCosas/ros2_ws/install/robotiq_demo:/opt/ros/humble /usr/bin/cmake --install /home/hualde/misCosas/ros2_ws/src/LearnRoboticsWROS/build/ur_custom_simulation
