[0.008s] Invoking command in '/home/hualde/misCosas/ros2_ws/src/LearnRoboticsWROS/build/robotiq_driver': AMENT_PREFIX_PATH=/home/hualde/misCosas/ros2_ws/src/LearnRoboticsWROS/install/serial:${AMENT_PREFIX_PATH} CMAKE_PREFIX_PATH=/home/hualde/misCosas/ros2_ws/src/LearnRoboticsWROS/install/serial:/home/hualde/misCosas/ros2_ws/install/ur_simulation_gazebo:/home/hualde/misCosas/ros2_ws/install/ur_robotiq_bringup:/home/hualde/misCosas/ros2_ws/install/ur_robotiq_description:/home/hualde/misCosas/ros2_ws/install/ur_custom_simulation:/home/hualde/misCosas/ros2_ws/install/manipulator_moveit_config:/home/hualde/misCosas/ros2_ws/install/manipulator:/home/hualde/misCosas/ros2_ws/install/ur_description:/home/hualde/misCosas/ros2_ws/install/serial:/home/hualde/misCosas/ros2_ws/install/my_robot_bringup:/home/hualde/misCosas/ros2_ws/install/my_robot_description:/home/hualde/misCosas/ros2_ws/install/robotiq_demo:/opt/ros/humble LD_LIBRARY_PATH=/home/hualde/misCosas/ros2_ws/src/LearnRoboticsWROS/install/serial/lib:${LD_LIBRARY_PATH} /usr/bin/cmake /home/hualde/misCosas/ros2_ws/src/LearnRoboticsWROS/ros2_robotiq_gripper/robotiq_driver -DCMAKE_INSTALL_PREFIX=/home/hualde/misCosas/ros2_ws/src/LearnRoboticsWROS/install/robotiq_driver
[0.012s] -- Found ament_cmake: 1.3.12 (/opt/ros/humble/share/ament_cmake/cmake)
[0.065s] -- Found hardware_interface: 2.52.2 (/opt/ros/humble/share/hardware_interface/cmake)
[0.083s] -- Found rosidl_generator_c: 3.1.7 (/opt/ros/humble/share/rosidl_generator_c/cmake)
[0.084s] -- Found rosidl_adapter: 3.1.7 (/opt/ros/humble/share/rosidl_adapter/cmake)
[0.087s] -- Found rosidl_generator_cpp: 3.1.7 (/opt/ros/humble/share/rosidl_generator_cpp/cmake)
[0.093s] -- Using all available rosidl_typesupport_c: rosidl_typesupport_fastrtps_c;rosidl_typesupport_introspection_c
[0.100s] -- Using all available rosidl_typesupport_cpp: rosidl_typesupport_fastrtps_cpp;rosidl_typesupport_introspection_cpp
[0.198s] -- Found rmw_implementation_cmake: 6.1.2 (/opt/ros/humble/share/rmw_implementation_cmake/cmake)
[0.199s] -- Found rmw_fastrtps_cpp: 6.2.9 (/opt/ros/humble/share/rmw_fastrtps_cpp/cmake)
[0.210s] -- Found TinyXML2 via Config file: TinyXML2_DIR-NOTFOUND
[0.215s] -- Found TinyXML2 via Config file: TinyXML2_DIR-NOTFOUND
[0.226s] -- Found TinyXML2 via Config file: TinyXML2_DIR-NOTFOUND
[0.231s] -- Found TinyXML2 via Config file: TinyXML2_DIR-NOTFOUND
[0.237s] -- Using RMW implementation 'rmw_fastrtps_cpp' as default
[0.262s] -- Found serial: 1.2.1 (/home/hualde/misCosas/ros2_ws/install/serial/share/serial/cmake)
[0.267s] -- Found ament_cmake_gtest: 1.3.12 (/opt/ros/humble/share/ament_cmake_gtest/cmake)
[0.267s] -- Found ament_cmake_gmock: 1.3.12 (/opt/ros/humble/share/ament_cmake_gmock/cmake)
[0.268s] -- Found ament_lint_auto: 0.12.14 (/opt/ros/humble/share/ament_lint_auto/cmake)
[0.324s] -- Found gmock sources under '/opt/ros/humble/src/gmock_vendor': C++ tests using 'Google Mock' will be built
[0.326s] -- Found gtest sources under '/opt/ros/humble/src/gtest_vendor': C++ tests using 'Google Test' will be built
[0.367s] -- Configuring done
[0.401s] [31mCMake Error at CMakeLists.txt:64 (target_link_libraries):
[0.401s]   Target "robotiq_driver" links to:
[0.401s] 
[0.401s]     serial::serial
[0.401s] 
[0.401s]   but the target was not found.  Possible reasons include:
[0.402s] 
[0.402s]     * There is a typo in the target name.
[0.402s]     * A find_package call is missing for an IMPORTED target.
[0.402s]     * An ALIAS target is missing.
[0.402s] 
[0.402s] 
[0.402s] [0m
[0.402s] -- Generating done
[0.406s] [0mCMake Generate step failed.  Build files cannot be regenerated correctly.[0m
[0.414s] Invoked command in '/home/hualde/misCosas/ros2_ws/src/LearnRoboticsWROS/build/robotiq_driver' returned '1': AMENT_PREFIX_PATH=/home/hualde/misCosas/ros2_ws/src/LearnRoboticsWROS/install/serial:${AMENT_PREFIX_PATH} CMAKE_PREFIX_PATH=/home/hualde/misCosas/ros2_ws/src/LearnRoboticsWROS/install/serial:/home/hualde/misCosas/ros2_ws/install/ur_simulation_gazebo:/home/hualde/misCosas/ros2_ws/install/ur_robotiq_bringup:/home/hualde/misCosas/ros2_ws/install/ur_robotiq_description:/home/hualde/misCosas/ros2_ws/install/ur_custom_simulation:/home/hualde/misCosas/ros2_ws/install/manipulator_moveit_config:/home/hualde/misCosas/ros2_ws/install/manipulator:/home/hualde/misCosas/ros2_ws/install/ur_description:/home/hualde/misCosas/ros2_ws/install/serial:/home/hualde/misCosas/ros2_ws/install/my_robot_bringup:/home/hualde/misCosas/ros2_ws/install/my_robot_description:/home/hualde/misCosas/ros2_ws/install/robotiq_demo:/opt/ros/humble LD_LIBRARY_PATH=/home/hualde/misCosas/ros2_ws/src/LearnRoboticsWROS/install/serial/lib:${LD_LIBRARY_PATH} /usr/bin/cmake /home/hualde/misCosas/ros2_ws/src/LearnRoboticsWROS/ros2_robotiq_gripper/robotiq_driver -DCMAKE_INSTALL_PREFIX=/home/hualde/misCosas/ros2_ws/src/LearnRoboticsWROS/install/robotiq_driver
