[0.008s] Invoking command in '/home/hualde/misCosas/ros2_ws/src/LearnRoboticsWROS/build/robotiq_driver': CMAKE_PREFIX_PATH=/home/hualde/misCosas/ros2_ws/src/LearnRoboticsWROS/install/serial:/home/hualde/misCosas/ros2_ws/src/LearnRoboticsWROS/install/ur_simulation_gazebo:/home/hualde/misCosas/ros2_ws/src/LearnRoboticsWROS/install/ur_custom_simulation:/home/hualde/misCosas/ros2_ws/src/LearnRoboticsWROS/install/ur_description:/home/hualde/misCosas/ros2_ws/src/LearnRoboticsWROS/install/robotiq_description:/home/hualde/misCosas/ros2_ws/install/ur_simulation_gazebo:/home/hualde/misCosas/ros2_ws/install/ur_robotiq_bringup:/home/hualde/misCosas/ros2_ws/install/ur_robotiq_description:/home/hualde/misCosas/ros2_ws/install/ur_custom_simulation:/home/hualde/misCosas/ros2_ws/install/manipulator_moveit_config:/home/hualde/misCosas/ros2_ws/install/manipulator:/home/hualde/misCosas/ros2_ws/install/ur_description:/home/hualde/misCosas/ros2_ws/install/serial:/home/hualde/misCosas/ros2_ws/install/my_robot_bringup:/home/hualde/misCosas/ros2_ws/install/my_robot_description:/home/hualde/misCosas/ros2_ws/install/robotiq_demo:/opt/ros/humble /usr/bin/cmake /home/hualde/misCosas/ros2_ws/src/LearnRoboticsWROS/ros2_robotiq_gripper/robotiq_driver -DCMAKE_INSTALL_PREFIX=/home/hualde/misCosas/ros2_ws/src/LearnRoboticsWROS/install/robotiq_driver
[0.013s] -- Found ament_cmake: 1.3.12 (/opt/ros/humble/share/ament_cmake/cmake)
[0.068s] -- Found hardware_interface: 2.52.2 (/opt/ros/humble/share/hardware_interface/cmake)
[0.085s] -- Found rosidl_generator_c: 3.1.7 (/opt/ros/humble/share/rosidl_generator_c/cmake)
[0.086s] -- Found rosidl_adapter: 3.1.7 (/opt/ros/humble/share/rosidl_adapter/cmake)
[0.089s] -- Found rosidl_generator_cpp: 3.1.7 (/opt/ros/humble/share/rosidl_generator_cpp/cmake)
[0.095s] -- Using all available rosidl_typesupport_c: rosidl_typesupport_fastrtps_c;rosidl_typesupport_introspection_c
[0.102s] -- Using all available rosidl_typesupport_cpp: rosidl_typesupport_fastrtps_cpp;rosidl_typesupport_introspection_cpp
[0.201s] -- Found rmw_implementation_cmake: 6.1.2 (/opt/ros/humble/share/rmw_implementation_cmake/cmake)
[0.202s] -- Found rmw_fastrtps_cpp: 6.2.9 (/opt/ros/humble/share/rmw_fastrtps_cpp/cmake)
[0.212s] -- Found TinyXML2 via Config file: TinyXML2_DIR-NOTFOUND
[0.218s] -- Found TinyXML2 via Config file: TinyXML2_DIR-NOTFOUND
[0.229s] -- Found TinyXML2 via Config file: TinyXML2_DIR-NOTFOUND
[0.234s] -- Found TinyXML2 via Config file: TinyXML2_DIR-NOTFOUND
[0.241s] -- Using RMW implementation 'rmw_fastrtps_cpp' as default
[0.266s] -- Found serial: 1.2.1 (/home/hualde/misCosas/ros2_ws/install/serial/share/serial/cmake)
[0.271s] -- Found ament_cmake_gtest: 1.3.12 (/opt/ros/humble/share/ament_cmake_gtest/cmake)
[0.272s] -- Found ament_cmake_gmock: 1.3.12 (/opt/ros/humble/share/ament_cmake_gmock/cmake)
[0.272s] -- Found ament_lint_auto: 0.12.14 (/opt/ros/humble/share/ament_lint_auto/cmake)
[0.329s] -- Found gmock sources under '/opt/ros/humble/src/gmock_vendor': C++ tests using 'Google Mock' will be built
[0.331s] -- Found gtest sources under '/opt/ros/humble/src/gtest_vendor': C++ tests using 'Google Test' will be built
[0.368s] -- Configuring done
[0.400s] [31mCMake Error at CMakeLists.txt:64 (target_link_libraries):
[0.400s]   Target "robotiq_driver" links to:
[0.400s] 
[0.400s]     serial::serial
[0.400s] 
[0.400s]   but the target was not found.  Possible reasons include:
[0.400s] 
[0.400s]     * There is a typo in the target name.
[0.400s]     * A find_package call is missing for an IMPORTED target.
[0.400s]     * An ALIAS target is missing.
[0.400s] 
[0.400s] 
[0.400s] [0m
[0.400s] -- Generating done
[0.404s] [0mCMake Generate step failed.  Build files cannot be regenerated correctly.[0m
[0.411s] Invoked command in '/home/hualde/misCosas/ros2_ws/src/LearnRoboticsWROS/build/robotiq_driver' returned '1': CMAKE_PREFIX_PATH=/home/hualde/misCosas/ros2_ws/src/LearnRoboticsWROS/install/serial:/home/hualde/misCosas/ros2_ws/src/LearnRoboticsWROS/install/ur_simulation_gazebo:/home/hualde/misCosas/ros2_ws/src/LearnRoboticsWROS/install/ur_custom_simulation:/home/hualde/misCosas/ros2_ws/src/LearnRoboticsWROS/install/ur_description:/home/hualde/misCosas/ros2_ws/src/LearnRoboticsWROS/install/robotiq_description:/home/hualde/misCosas/ros2_ws/install/ur_simulation_gazebo:/home/hualde/misCosas/ros2_ws/install/ur_robotiq_bringup:/home/hualde/misCosas/ros2_ws/install/ur_robotiq_description:/home/hualde/misCosas/ros2_ws/install/ur_custom_simulation:/home/hualde/misCosas/ros2_ws/install/manipulator_moveit_config:/home/hualde/misCosas/ros2_ws/install/manipulator:/home/hualde/misCosas/ros2_ws/install/ur_description:/home/hualde/misCosas/ros2_ws/install/serial:/home/hualde/misCosas/ros2_ws/install/my_robot_bringup:/home/hualde/misCosas/ros2_ws/install/my_robot_description:/home/hualde/misCosas/ros2_ws/install/robotiq_demo:/opt/ros/humble /usr/bin/cmake /home/hualde/misCosas/ros2_ws/src/LearnRoboticsWROS/ros2_robotiq_gripper/robotiq_driver -DCMAKE_INSTALL_PREFIX=/home/hualde/misCosas/ros2_ws/src/LearnRoboticsWROS/install/robotiq_driver
