[0.019s] Invoking command in '/home/hualde/misCosas/ros2_ws/src/LearnRoboticsWROS/build/serial': CMAKE_PREFIX_PATH=${CMAKE_PREFIX_PATH}:/home/hualde/misCosas/ros2_ws/install/robotiq_demo:/opt/ros/humble /usr/bin/cmake /home/hualde/misCosas/ros2_ws/src/LearnRoboticsWROS/serial -DCMAKE_INSTALL_PREFIX=/home/hualde/misCosas/ros2_ws/src/LearnRoboticsWROS/install/serial
[0.069s] -- The C compiler identification is GNU 11.4.0
[0.087s] -- The CXX compiler identification is GNU 11.4.0
[0.093s] -- Detecting C compiler ABI info
[0.128s] -- Detecting C compiler ABI info - done
[0.133s] -- Check for working C compiler: /usr/bin/cc - skipped
[0.133s] -- Detecting C compile features
[0.133s] -- Detecting C compile features - done
[0.135s] -- Detecting CXX compiler ABI info
[0.176s] -- Detecting CXX compiler ABI info - done
[0.181s] -- Check for working CXX compiler: /usr/bin/c++ - skipped
[0.181s] -- Detecting CXX compile features
[0.181s] -- Detecting CXX compile features - done
[0.184s] -- Found ament_cmake: 1.3.12 (/opt/ros/humble/share/ament_cmake/cmake)
[0.367s] -- Found Python3: /usr/bin/python3 (found version "3.10.12") found components: Interpreter 
[0.465s] -- Configuring done
[0.468s] -- Generating done
[0.470s] -- Build files have been written to: /home/hualde/misCosas/ros2_ws/src/LearnRoboticsWROS/build/serial
[0.472s] Invoked command in '/home/hualde/misCosas/ros2_ws/src/LearnRoboticsWROS/build/serial' returned '0': CMAKE_PREFIX_PATH=${CMAKE_PREFIX_PATH}:/home/hualde/misCosas/ros2_ws/install/robotiq_demo:/opt/ros/humble /usr/bin/cmake /home/hualde/misCosas/ros2_ws/src/LearnRoboticsWROS/serial -DCMAKE_INSTALL_PREFIX=/home/hualde/misCosas/ros2_ws/src/LearnRoboticsWROS/install/serial
[0.473s] Invoking command in '/home/hualde/misCosas/ros2_ws/src/LearnRoboticsWROS/build/serial': CMAKE_PREFIX_PATH=${CMAKE_PREFIX_PATH}:/home/hualde/misCosas/ros2_ws/install/robotiq_demo:/opt/ros/humble /usr/bin/cmake --build /home/hualde/misCosas/ros2_ws/src/LearnRoboticsWROS/build/serial -- -j16 -l16
[0.488s] [ 25%] [32mBuilding CXX object CMakeFiles/serial.dir/src/serial.cc.o[0m
[0.488s] [ 50%] [32mBuilding CXX object CMakeFiles/serial.dir/src/impl/unix.cc.o[0m
[0.488s] [ 75%] [32mBuilding CXX object CMakeFiles/serial.dir/src/impl/list_ports/list_ports_linux.cc.o[0m
[0.728s] [100%] [32m[1mLinking CXX static library libserial.a[0m
[0.893s] [100%] Built target serial
[0.896s] Invoked command in '/home/hualde/misCosas/ros2_ws/src/LearnRoboticsWROS/build/serial' returned '0': CMAKE_PREFIX_PATH=${CMAKE_PREFIX_PATH}:/home/hualde/misCosas/ros2_ws/install/robotiq_demo:/opt/ros/humble /usr/bin/cmake --build /home/hualde/misCosas/ros2_ws/src/LearnRoboticsWROS/build/serial -- -j16 -l16
[0.897s] Invoking command in '/home/hualde/misCosas/ros2_ws/src/LearnRoboticsWROS/build/serial': CMAKE_PREFIX_PATH=${CMAKE_PREFIX_PATH}:/home/hualde/misCosas/ros2_ws/install/robotiq_demo:/opt/ros/humble /usr/bin/cmake --install /home/hualde/misCosas/ros2_ws/src/LearnRoboticsWROS/build/serial
[0.899s] -- Install configuration: ""
[0.899s] -- Installing: /home/hualde/misCosas/ros2_ws/src/LearnRoboticsWROS/install/serial/share/serial/environment/library_path.sh
[0.899s] -- Installing: /home/hualde/misCosas/ros2_ws/src/LearnRoboticsWROS/install/serial/share/serial/environment/library_path.dsv
[0.900s] -- Installing: /home/hualde/misCosas/ros2_ws/src/LearnRoboticsWROS/install/serial/lib/libserial.a
[0.900s] -- Installing: /home/hualde/misCosas/ros2_ws/src/LearnRoboticsWROS/install/serial/include/serial/serial.h
[0.900s] -- Installing: /home/hualde/misCosas/ros2_ws/src/LearnRoboticsWROS/install/serial/include/serial/v8stdint.h
[0.900s] -- Installing: /home/hualde/misCosas/ros2_ws/src/LearnRoboticsWROS/install/serial/share/ament_index/resource_index/package_run_dependencies/serial
[0.900s] -- Installing: /home/hualde/misCosas/ros2_ws/src/LearnRoboticsWROS/install/serial/share/ament_index/resource_index/parent_prefix_path/serial
[0.901s] -- Installing: /home/hualde/misCosas/ros2_ws/src/LearnRoboticsWROS/install/serial/share/serial/environment/ament_prefix_path.sh
[0.901s] -- Installing: /home/hualde/misCosas/ros2_ws/src/LearnRoboticsWROS/install/serial/share/serial/environment/ament_prefix_path.dsv
[0.901s] -- Installing: /home/hualde/misCosas/ros2_ws/src/LearnRoboticsWROS/install/serial/share/serial/environment/path.sh
[0.901s] -- Installing: /home/hualde/misCosas/ros2_ws/src/LearnRoboticsWROS/install/serial/share/serial/environment/path.dsv
[0.901s] -- Installing: /home/hualde/misCosas/ros2_ws/src/LearnRoboticsWROS/install/serial/share/serial/local_setup.bash
[0.901s] -- Installing: /home/hualde/misCosas/ros2_ws/src/LearnRoboticsWROS/install/serial/share/serial/local_setup.sh
[0.901s] -- Installing: /home/hualde/misCosas/ros2_ws/src/LearnRoboticsWROS/install/serial/share/serial/local_setup.zsh
[0.901s] -- Installing: /home/hualde/misCosas/ros2_ws/src/LearnRoboticsWROS/install/serial/share/serial/local_setup.dsv
[0.901s] -- Installing: /home/hualde/misCosas/ros2_ws/src/LearnRoboticsWROS/install/serial/share/serial/package.dsv
[0.901s] -- Installing: /home/hualde/misCosas/ros2_ws/src/LearnRoboticsWROS/install/serial/share/ament_index/resource_index/packages/serial
[0.901s] -- Installing: /home/hualde/misCosas/ros2_ws/src/LearnRoboticsWROS/install/serial/share/serial/cmake/ament_cmake_export_include_directories-extras.cmake
[0.902s] -- Installing: /home/hualde/misCosas/ros2_ws/src/LearnRoboticsWROS/install/serial/share/serial/cmake/ament_cmake_export_libraries-extras.cmake
[0.902s] -- Installing: /home/hualde/misCosas/ros2_ws/src/LearnRoboticsWROS/install/serial/share/serial/cmake/serialConfig.cmake
[0.902s] -- Installing: /home/hualde/misCosas/ros2_ws/src/LearnRoboticsWROS/install/serial/share/serial/cmake/serialConfig-version.cmake
[0.902s] -- Installing: /home/hualde/misCosas/ros2_ws/src/LearnRoboticsWROS/install/serial/share/serial/package.xml
[0.903s] Invoked command in '/home/hualde/misCosas/ros2_ws/src/LearnRoboticsWROS/build/serial' returned '0': CMAKE_PREFIX_PATH=${CMAKE_PREFIX_PATH}:/home/hualde/misCosas/ros2_ws/install/robotiq_demo:/opt/ros/humble /usr/bin/cmake --install /home/hualde/misCosas/ros2_ws/src/LearnRoboticsWROS/build/serial
